lingua_mentor_mongodb  | 
lingua_mentor_mongodb  | WARNING: MongoDB 5.0+ requires a CPU with AVX support, and your current system does not appear to have that!
lingua_mentor_mongodb  |   see https://jira.mongodb.org/browse/SERVER-54407
lingua_mentor_mongodb  |   see also https://www.mongodb.com/community/forums/t/mongodb-5-0-cpu-intel-g4650-compatibility/116610/2
lingua_mentor_mongodb  |   see also https://github.com/docker-library/mongo/issues/485#issuecomment-891991814
lingua_mentor_mongodb  | 
lingua_mentor_mongodb  | {"t":{"$date":"2025-10-29T15:34:31.502+00:00"},"s":"I",  "c":"CONTROL",  "id":23285,   "ctx":"main","msg":"Automatically disabling TLS 1.0, to force-enable TLS 1.0 specify --sslDisabledProtocols 'none'"}
lingua_mentor_mongodb  | {"t":{"$date":"2025-10-29T15:34:31.624+00:00"},"s":"I",  "c":"NETWORK",  "id":4648601, "ctx":"main","msg":"Implicit TCP FastOpen unavailable. If TCP FastOpen is required, set tcpFastOpenServer, tcpFastOpenClient, and tcpFastOpenQueueSize."}
lingua_mentor_mongodb  | {"t":{"$date":"2025-10-29T15:34:31.641+00:00"},"s":"I",  "c":"STORAGE",  "id":4615611, "ctx":"initandlisten","msg":"MongoDB starting","attr":{"pid":1,"port":27017,"dbPath":"/data/db","architecture":"64-bit","host":"6e0a610e0ffb"}}
lingua_mentor_mongodb  | {"t":{"$date":"2025-10-29T15:34:31.641+00:00"},"s":"I",  "c":"CONTROL",  "id":23403,   "ctx":"initandlisten","msg":"Build Info","attr":{"buildInfo":{"version":"4.4.29","gitVersion":"f4dda329a99811c707eb06d05ad023599f9be263","openSSLVersion":"OpenSSL 1.1.1f  31 Mar 2020","modules":[],"allocator":"tcmalloc","environment":{"distmod":"ubuntu2004","distarch":"x86_64","target_arch":"x86_64"}}}}
lingua_mentor_mongodb  | {"t":{"$date":"2025-10-29T15:34:31.641+00:00"},"s":"I",  "c":"CONTROL",  "id":51765,   "ctx":"initandlisten","msg":"Operating System","attr":{"os":{"name":"Ubuntu","version":"20.04"}}}
lingua_mentor_mongodb  | {"t":{"$date":"2025-10-29T15:34:31.641+00:00"},"s":"I",  "c":"CONTROL",  "id":21951,   "ctx":"initandlisten","msg":"Options set by command line","attr":{"options":{"net":{"bindIp":"*"}}}}
lingua_mentor_mongodb  | {"t":{"$date":"2025-10-29T15:34:31.668+00:00"},"s":"I",  "c":"STORAGE",  "id":22297,   "ctx":"initandlisten","msg":"Using the XFS filesystem is strongly recommended with the WiredTiger storage engine. See http://dochub.mongodb.org/core/prodnotes-filesystem","tags":["startupWarnings"]}
lingua_mentor_mongodb  | {"t":{"$date":"2025-10-29T15:34:31.674+00:00"},"s":"I",  "c":"STORAGE",  "id":22315,   "ctx":"initandlisten","msg":"Opening WiredTiger","attr":{"config":"create,cache_size=2426M,session_max=33000,eviction=(threads_min=4,threads_max=4),config_base=false,statistics=(fast),log=(enabled=true,archive=true,path=journal,compressor=snappy),file_manager=(close_idle_time=100000,close_scan_interval=10,close_handle_minimum=250),statistics_log=(wait=0),verbose=[recovery_progress,checkpoint_progress,compact_progress],"}}
lingua_mentor_mongodb  | {"t":{"$date":"2025-10-29T15:34:32.400+00:00"},"s":"I",  "c":"STORAGE",  "id":22430,   "ctx":"initandlisten","msg":"WiredTiger message","attr":{"message":"[1761752072:400219][1:0x7726aaf57cc0], txn-recover: [WT_VERB_RECOVERY | WT_VERB_RECOVERY_PROGRESS] Set global recovery timestamp: (0, 0)"}}
lingua_mentor_mongodb  | {"t":{"$date":"2025-10-29T15:34:32.400+00:00"},"s":"I",  "c":"STORAGE",  "id":22430,   "ctx":"initandlisten","msg":"WiredTiger message","attr":{"message":"[1761752072:400636][1:0x7726aaf57cc0], txn-recover: [WT_VERB_RECOVERY | WT_VERB_RECOVERY_PROGRESS] Set global oldest timestamp: (0, 0)"}}
lingua_mentor_mongodb  | {"t":{"$date":"2025-10-29T15:34:32.471+00:00"},"s":"I",  "c":"STORAGE",  "id":4795906, "ctx":"initandlisten","msg":"WiredTiger opened","attr":{"durationMillis":797}}
lingua_mentor_mongodb  | {"t":{"$date":"2025-10-29T15:34:32.471+00:00"},"s":"I",  "c":"RECOVERY", "id":23987,   "ctx":"initandlisten","msg":"WiredTiger recoveryTimestamp","attr":{"recoveryTimestamp":{"$timestamp":{"t":0,"i":0}}}}
lingua_mentor_mongodb  | {"t":{"$date":"2025-10-29T15:34:32.584+00:00"},"s":"I",  "c":"STORAGE",  "id":22262,   "ctx":"initandlisten","msg":"Timestamp monitor starting"}
lingua_mentor_mongodb  | {"t":{"$date":"2025-10-29T15:34:32.709+00:00"},"s":"W",  "c":"CONTROL",  "id":22120,   "ctx":"initandlisten","msg":"Access control is not enabled for the database. Read and write access to data and configuration is unrestricted","tags":["startupWarnings"]}
lingua_mentor_mongodb  | {"t":{"$date":"2025-10-29T15:34:32.830+00:00"},"s":"I",  "c":"STORAGE",  "id":20320,   "ctx":"initandlisten","msg":"createCollection","attr":{"namespace":"admin.system.version","uuidDisposition":"provided","uuid":{"uuid":{"$uuid":"bee28dae-21a5-4ed4-96a0-a038c9037f15"}},"options":{"uuid":{"$uuid":"bee28dae-21a5-4ed4-96a0-a038c9037f15"}}}}
lingua_mentor_mongodb  | {"t":{"$date":"2025-10-29T15:34:32.952+00:00"},"s":"I",  "c":"INDEX",    "id":20345,   "ctx":"initandlisten","msg":"Index build: done building","attr":{"buildUUID":null,"namespace":"admin.system.version","index":"_id_","commitTimestamp":{"$timestamp":{"t":0,"i":0}}}}
lingua_mentor_mongodb  | {"t":{"$date":"2025-10-29T15:34:32.958+00:00"},"s":"I",  "c":"COMMAND",  "id":20459,   "ctx":"initandlisten","msg":"Setting featureCompatibilityVersion","attr":{"newVersion":"4.4"}}
lingua_mentor_mongodb  | {"t":{"$date":"2025-10-29T15:34:32.974+00:00"},"s":"I",  "c":"STORAGE",  "id":20536,   "ctx":"initandlisten","msg":"Flow Control is enabled on this deployment"}
lingua_mentor_mongodb  | {"t":{"$date":"2025-10-29T15:34:32.992+00:00"},"s":"I",  "c":"STORAGE",  "id":20320,   "ctx":"initandlisten","msg":"createCollection","attr":{"namespace":"local.startup_log","uuidDisposition":"generated","uuid":{"uuid":{"$uuid":"8b0c73af-d4be-4aed-86b8-4ed482d97afa"}},"options":{"capped":true,"size":10485760}}}
lingua_mentor_mongodb  | {"t":{"$date":"2025-10-29T15:34:33.098+00:00"},"s":"I",  "c":"INDEX",    "id":20345,   "ctx":"initandlisten","msg":"Index build: done building","attr":{"buildUUID":null,"namespace":"local.startup_log","index":"_id_","commitTimestamp":{"$timestamp":{"t":0,"i":0}}}}
lingua_mentor_mongodb  | {"t":{"$date":"2025-10-29T15:34:33.107+00:00"},"s":"I",  "c":"FTDC",     "id":20625,   "ctx":"initandlisten","msg":"Initializing full-time diagnostic data capture","attr":{"dataDirectory":"/data/db/diagnostic.data"}}
lingua_mentor_mongodb  | {"t":{"$date":"2025-10-29T15:34:33.109+00:00"},"s":"I",  "c":"REPL",     "id":6015317, "ctx":"initandlisten","msg":"Setting new configuration state","attr":{"newState":"ConfigReplicationDisabled","oldState":"ConfigPreStart"}}
lingua_mentor_mongodb  | {"t":{"$date":"2025-10-29T15:34:33.121+00:00"},"s":"I",  "c":"NETWORK",  "id":23015,   "ctx":"listener","msg":"Listening on","attr":{"address":"/tmp/mongodb-27017.sock"}}
lingua_mentor_mongodb  | {"t":{"$date":"2025-10-29T15:34:33.122+00:00"},"s":"I",  "c":"NETWORK",  "id":23015,   "ctx":"listener","msg":"Listening on","attr":{"address":"0.0.0.0"}}
lingua_mentor_mongodb  | {"t":{"$date":"2025-10-29T15:34:33.122+00:00"},"s":"I",  "c":"NETWORK",  "id":23016,   "ctx":"listener","msg":"Waiting for connections","attr":{"port":27017,"ssl":"off"}}
lingua_mentor_mongodb  | {"t":{"$date":"2025-10-29T15:34:33.215+00:00"},"s":"I",  "c":"STORAGE",  "id":20320,   "ctx":"LogicalSessionCacheRefresh","msg":"createCollection","attr":{"namespace":"config.system.sessions","uuidDisposition":"generated","uuid":{"uuid":{"$uuid":"0e24616e-d8a2-44ea-a754-c628198dae91"}},"options":{}}}
lingua_mentor_mongodb  | {"t":{"$date":"2025-10-29T15:34:33.219+00:00"},"s":"I",  "c":"CONTROL",  "id":20712,   "ctx":"LogicalSessionCacheReap","msg":"Sessions collection is not set up; waiting until next sessions reap interval","attr":{"error":"NamespaceNotFound: config.system.sessions does not exist"}}
lingua_mentor_mongodb  | {"t":{"$date":"2025-10-29T15:34:33.320+00:00"},"s":"I",  "c":"INDEX",    "id":20345,   "ctx":"LogicalSessionCacheRefresh","msg":"Index build: done building","attr":{"buildUUID":null,"namespace":"config.system.sessions","index":"_id_","commitTimestamp":{"$timestamp":{"t":0,"i":0}}}}
lingua_mentor_mongodb  | {"t":{"$date":"2025-10-29T15:34:33.320+00:00"},"s":"I",  "c":"INDEX",    "id":20345,   "ctx":"LogicalSessionCacheRefresh","msg":"Index build: done building","attr":{"buildUUID":null,"namespace":"config.system.sessions","index":"lsidTTLIndex","commitTimestamp":{"$timestamp":{"t":0,"i":0}}}}
lingua_mentor_mongodb  | {"t":{"$date":"2025-10-29T15:34:33.321+00:00"},"s":"I",  "c":"COMMAND",  "id":51803,   "ctx":"LogicalSessionCacheRefresh","msg":"Slow query","attr":{"type":"command","ns":"config.system.sessions","command":{"createIndexes":"system.sessions","indexes":[{"key":{"lastUse":1},"name":"lsidTTLIndex","expireAfterSeconds":1800}],"writeConcern":{},"$db":"config"},"numYields":0,"reslen":114,"locks":{"ParallelBatchWriterMode":{"acquireCount":{"r":5}},"FeatureCompatibilityVersion":{"acquireCount":{"r":2,"w":3}},"ReplicationStateTransition":{"acquireCount":{"w":5}},"Global":{"acquireCount":{"r":2,"w":3}},"Database":{"acquireCount":{"r":2,"w":3}},"Collection":{"acquireCount":{"r":3,"w":2}},"Mutex":{"acquireCount":{"r":6}}},"flowControl":{"acquireCount":1,"timeAcquiringMicros":4},"storage":{},"protocol":"op_msg","durationMillis":106}}
lingua_mentor_mongodb  | {"t":{"$date":"2025-10-29T15:34:43.142+00:00"},"s":"I",  "c":"NETWORK",  "id":22943,   "ctx":"listener","msg":"Connection accepted","attr":{"remote":"172.29.0.7:48548","connectionId":1,"connectionCount":1}}
lingua_mentor_mongodb  | {"t":{"$date":"2025-10-29T15:34:43.150+00:00"},"s":"I",  "c":"NETWORK",  "id":51800,   "ctx":"conn1","msg":"client metadata","attr":{"remote":"172.29.0.7:48548","client":"conn1","doc":{"driver":{"name":"PyMongo|Motor","version":"4.3.3|3.1.2"},"os":{"type":"Linux","name":"Linux","architecture":"x86_64","version":"6.14.0-29-generic"},"platform":"CPython 3.11.14.final.0|asyncio"}}}
lingua_mentor_mongodb  | {"t":{"$date":"2025-10-29T15:34:43.156+00:00"},"s":"I",  "c":"NETWORK",  "id":22943,   "ctx":"listener","msg":"Connection accepted","attr":{"remote":"172.29.0.7:48564","connectionId":2,"connectionCount":2}}
lingua_mentor_mongodb  | {"t":{"$date":"2025-10-29T15:34:43.158+00:00"},"s":"I",  "c":"NETWORK",  "id":51800,   "ctx":"conn2","msg":"client metadata","attr":{"remote":"172.29.0.7:48564","client":"conn2","doc":{"driver":{"name":"PyMongo|Motor","version":"4.3.3|3.1.2"},"os":{"type":"Linux","name":"Linux","architecture":"x86_64","version":"6.14.0-29-generic"},"platform":"CPython 3.11.14.final.0|asyncio"}}}
lingua_mentor_mongodb  | {"t":{"$date":"2025-10-29T15:34:43.174+00:00"},"s":"I",  "c":"NETWORK",  "id":22943,   "ctx":"listener","msg":"Connection accepted","attr":{"remote":"172.29.0.7:48574","connectionId":3,"connectionCount":3}}
lingua_mentor_mongodb  | {"t":{"$date":"2025-10-29T15:34:43.177+00:00"},"s":"I",  "c":"NETWORK",  "id":51800,   "ctx":"conn3","msg":"client metadata","attr":{"remote":"172.29.0.7:48574","client":"conn3","doc":{"driver":{"name":"PyMongo|Motor","version":"4.3.3|3.1.2"},"os":{"type":"Linux","name":"Linux","architecture":"x86_64","version":"6.14.0-29-generic"},"platform":"CPython 3.11.14.final.0|asyncio"}}}
lingua_mentor_mongodb  | {"t":{"$date":"2025-10-29T15:35:32.599+00:00"},"s":"I",  "c":"STORAGE",  "id":22430,   "ctx":"WTCheckpointThread","msg":"WiredTiger message","attr":{"message":"[1761752132:599867][1:0x7726a3f48700], WT_SESSION.checkpoint: [WT_VERB_CHECKPOINT_PROGRESS] saving checkpoint snapshot min: 34, snapshot max: 34 snapshot count: 0, oldest timestamp: (0, 0) , meta checkpoint timestamp: (0, 0) base write gen: 1"}}
lingua_mentor_mongodb  | {"t":{"$date":"2025-10-29T15:36:32.696+00:00"},"s":"I",  "c":"STORAGE",  "id":22430,   "ctx":"WTCheckpointThread","msg":"WiredTiger message","attr":{"message":"[1761752192:696823][1:0x7726a3f48700], WT_SESSION.checkpoint: [WT_VERB_CHECKPOINT_PROGRESS] saving checkpoint snapshot min: 37, snapshot max: 37 snapshot count: 0, oldest timestamp: (0, 0) , meta checkpoint timestamp: (0, 0) base write gen: 1"}}
lingua_mentor_mongodb  | {"t":{"$date":"2025-10-29T15:37:32.769+00:00"},"s":"I",  "c":"STORAGE",  "id":22430,   "ctx":"WTCheckpointThread","msg":"WiredTiger message","attr":{"message":"[1761752252:768981][1:0x7726a3f48700], WT_SESSION.checkpoint: [WT_VERB_CHECKPOINT_PROGRESS] saving checkpoint snapshot min: 39, snapshot max: 39 snapshot count: 0, oldest timestamp: (0, 0) , meta checkpoint timestamp: (0, 0) base write gen: 1"}}
lingua_mentor_mongodb  | {"t":{"$date":"2025-10-29T15:38:32.818+00:00"},"s":"I",  "c":"STORAGE",  "id":22430,   "ctx":"WTCheckpointThread","msg":"WiredTiger message","attr":{"message":"[1761752312:818486][1:0x7726a3f48700], WT_SESSION.checkpoint: [WT_VERB_CHECKPOINT_PROGRESS] saving checkpoint snapshot min: 41, snapshot max: 41 snapshot count: 0, oldest timestamp: (0, 0) , meta checkpoint timestamp: (0, 0) base write gen: 1"}}
lingua_evaluation      | Traceback (most recent call last):
lingua_evaluation      |   File "/usr/local/lib/python3.11/site-packages/aiormq/connection.py", line 401, in connect
lingua_evaluation      |     reader, writer = await asyncio.open_connection(
lingua_evaluation      |                      ^^^^^^^^^^^^^^^^^^^^^^^^^^^^^^
lingua_evaluation      |   File "/usr/local/lib/python3.11/asyncio/streams.py", line 48, in open_connection
lingua_evaluation      |     transport, _ = await loop.create_connection(
lingua_evaluation      |                    ^^^^^^^^^^^^^^^^^^^^^^^^^^^^^
lingua_evaluation      |   File "/usr/local/lib/python3.11/asyncio/base_events.py", line 1086, in create_connection
lingua_evaluation      |     raise exceptions[0]
lingua_evaluation      |   File "/usr/local/lib/python3.11/asyncio/base_events.py", line 1070, in create_connection
lingua_evaluation      |     sock = await self._connect_sock(
lingua_evaluation      |            ^^^^^^^^^^^^^^^^^^^^^^^^^
lingua_evaluation      |   File "/usr/local/lib/python3.11/asyncio/base_events.py", line 974, in _connect_sock
lingua_evaluation      |     await self.sock_connect(sock, address)
lingua_evaluation      |   File "/usr/local/lib/python3.11/asyncio/selector_events.py", line 638, in sock_connect
lingua_evaluation      |     return await fut
lingua_evaluation      |            ^^^^^^^^^
lingua_evaluation      |   File "/usr/local/lib/python3.11/asyncio/selector_events.py", line 678, in _sock_connect_cb
lingua_evaluation      |     raise OSError(err, f'Connect call failed {address}')
lingua_evaluation      | ConnectionRefusedError: [Errno 111] Connect call failed ('172.29.0.2', 5672)
lingua_evaluation      | 
lingua_evaluation      | The above exception was the direct cause of the following exception:
lingua_evaluation      | 
lingua_evaluation      | Traceback (most recent call last):
lingua_evaluation      |   File "/app/app/services/evaluation_consumer.py", line 42, in <module>
lingua_evaluation      |     asyncio.run(consume())
lingua_evaluation      |   File "/usr/local/lib/python3.11/asyncio/runners.py", line 190, in run
lingua_evaluation      |     return runner.run(main)
lingua_evaluation      |            ^^^^^^^^^^^^^^^^
lingua_evaluation      |   File "/usr/local/lib/python3.11/asyncio/runners.py", line 118, in run
lingua_evaluation      |     return self._loop.run_until_complete(task)
lingua_evaluation      |            ^^^^^^^^^^^^^^^^^^^^^^^^^^^^^^^^^^^
lingua_evaluation      |   File "/usr/local/lib/python3.11/asyncio/base_events.py", line 654, in run_until_complete
lingua_evaluation      |     return future.result()
lingua_evaluation      |            ^^^^^^^^^^^^^^^
lingua_evaluation      |   File "/app/app/services/evaluation_consumer.py", line 26, in consume
lingua_evaluation      |     connection = await aio_pika.connect_robust(f"amqp://{RABBITMQ_USER}:{RABBITMQ_PASS}@{RABBITMQ_HOST}/")
lingua_evaluation      |                  ^^^^^^^^^^^^^^^^^^^^^^^^^^^^^^^^^^^^^^^^^^^^^^^^^^^^^^^^^^^^^^^^^^^^^^^^^^^^^^^^^^^^^^^^^
lingua_evaluation      |   File "/usr/local/lib/python3.11/site-packages/aio_pika/robust_connection.py", line 282, in connect_robust
lingua_evaluation      |     await connection.connect(timeout=timeout)
lingua_evaluation      |   File "/usr/local/lib/python3.11/site-packages/aio_pika/robust_connection.py", line 117, in connect
lingua_evaluation      |     connection = await self.__connection_attempt(timeout)
lingua_evaluation      |                  ^^^^^^^^^^^^^^^^^^^^^^^^^^^^^^^^^^^^^^^^
lingua_voice_ai        | Traceback (most recent call last):
lingua_voice_ai        |   File "/usr/local/lib/python3.11/site-packages/aiormq/connection.py", line 401, in connect
lingua_voice_ai        |     reader, writer = await asyncio.open_connection(
lingua_voice_ai        |                      ^^^^^^^^^^^^^^^^^^^^^^^^^^^^^^
lingua_voice_ai        |   File "/usr/local/lib/python3.11/asyncio/streams.py", line 48, in open_connection
lingua_mentor_traefik  | time="2025-10-29T15:34:32Z" level=info msg="Configuration loaded from flags."
lingua_mentor_traefik  | time="2025-10-29T15:38:34Z" level=error msg="accept tcp [::]:80: use of closed network connection" entryPointName=web
lingua_mentor_traefik  | time="2025-10-29T15:38:34Z" level=error msg="accept tcp [::]:8080: use of closed network connection" entryPointName=traefik
lingua_mentor_traefik  | time="2025-10-29T15:38:34Z" level=error msg="close tcp [::]:80: use of closed network connection" entryPointName=web
lingua_mentor_traefik  | time="2025-10-29T15:38:34Z" level=error msg="close tcp [::]:8080: use of closed network connection" entryPointName=traefik
lingua_voice_ai        |     transport, _ = await loop.create_connection(
lingua_voice_ai        |                    ^^^^^^^^^^^^^^^^^^^^^^^^^^^^^
lingua_voice_ai        |   File "/usr/local/lib/python3.11/asyncio/base_events.py", line 1086, in create_connection
lingua_voice_ai        |     raise exceptions[0]
lingua_voice_ai        |   File "/usr/local/lib/python3.11/asyncio/base_events.py", line 1070, in create_connection
lingua_voice_ai        |     sock = await self._connect_sock(
lingua_voice_ai        |            ^^^^^^^^^^^^^^^^^^^^^^^^^
lingua_voice_ai        |   File "/usr/local/lib/python3.11/asyncio/base_events.py", line 974, in _connect_sock
lingua_voice_ai        |     await self.sock_connect(sock, address)
lingua_voice_ai        |   File "/usr/local/lib/python3.11/asyncio/selector_events.py", line 638, in sock_connect
lingua_voice_ai        |     return await fut
lingua_voice_ai        |            ^^^^^^^^^
lingua_voice_ai        |   File "/usr/local/lib/python3.11/asyncio/selector_events.py", line 678, in _sock_connect_cb
lingua_voice_ai        |     raise OSError(err, f'Connect call failed {address}')
lingua_voice_ai        | ConnectionRefusedError: [Errno 111] Connect call failed ('172.29.0.2', 5672)
lingua_voice_ai        | 
lingua_voice_ai        | The above exception was the direct cause of the following exception:
lingua_voice_ai        | 
lingua_voice_ai        | Traceback (most recent call last):
lingua_voice_ai        |   File "/app/app/services/voice_analysis_ai.py", line 91, in <module>
lingua_voice_ai        |     asyncio.run(consume())
lingua_voice_ai        |   File "/usr/local/lib/python3.11/asyncio/runners.py", line 190, in run
lingua_voice_ai        |     return runner.run(main)
lingua_voice_ai        |            ^^^^^^^^^^^^^^^^
lingua_voice_ai        |   File "/usr/local/lib/python3.11/asyncio/runners.py", line 118, in run
lingua_voice_ai        |     return self._loop.run_until_complete(task)
lingua_voice_ai        |            ^^^^^^^^^^^^^^^^^^^^^^^^^^^^^^^^^^^
lingua_voice_ai        |   File "/usr/local/lib/python3.11/asyncio/base_events.py", line 654, in run_until_complete
lingua_mentor_backend  | INFO:     Will watch for changes in these directories: ['/app']
lingua_mentor_backend  | INFO:     Uvicorn running on http://0.0.0.0:8000 (Press CTRL+C to quit)
lingua_mentor_backend  | INFO:     Started reloader process [8] using StatReload
lingua_mentor_backend  | /usr/local/lib/python3.11/site-packages/pydantic/_internal/_config.py:318: UserWarning: Valid config keys have changed in V2:
lingua_mentor_backend  | * 'schema_extra' has been renamed to 'json_schema_extra'
lingua_mentor_backend  |   warnings.warn(message, UserWarning)
lingua_mentor_backend  | /usr/local/lib/python3.11/site-packages/pydantic/_internal/_config.py:318: UserWarning: Valid config keys have changed in V2:
lingua_mentor_backend  | * 'allow_population_by_field_name' has been renamed to 'populate_by_name'
lingua_mentor_backend  | * 'schema_extra' has been renamed to 'json_schema_extra'
lingua_mentor_backend  |   warnings.warn(message, UserWarning)
lingua_mentor_backend  | INFO:     Started server process [10]
lingua_mentor_backend  | INFO:     Waiting for application startup.
lingua_mentor_backend  | INFO:app.main:Starting up...
lingua_mentor_backend  | INFO:app.main:Successfully connected to MongoDB
lingua_mentor_backend  | INFO:     Application startup complete.
lingua_mentor_backend  | Connected to MongoDB: mongodb://mongodb:27017
lingua_mentor_backend  | Database: linguamentor
lingua_mentor_backend  | INFO:     172.29.0.1:33194 - "GET /docs HTTP/1.1" 200 OK
lingua_mentor_backend  | INFO:     172.29.0.1:33194 - "GET /openapi.json HTTP/1.1" 200 OK
lingua_evaluation      |   File "/usr/local/lib/python3.11/site-packages/aio_pika/robust_connection.py", line 73, in __connection_attempt
lingua_evaluation      |     connection = await UnderlayConnection.make_connection(
lingua_evaluation      |                  ^^^^^^^^^^^^^^^^^^^^^^^^^^^^^^^^^^^^^^^^^
lingua_evaluation      |   File "/usr/local/lib/python3.11/site-packages/aio_pika/abc.py", line 602, in make_connection
lingua_evaluation      |     connection: aiormq.abc.AbstractConnection = await asyncio.wait_for(
lingua_evaluation      |                                                 ^^^^^^^^^^^^^^^^^^^^^^^
lingua_evaluation      |   File "/usr/local/lib/python3.11/asyncio/tasks.py", line 452, in wait_for
lingua_evaluation      |     return await fut
lingua_evaluation      |            ^^^^^^^^^
lingua_evaluation      |   File "/usr/local/lib/python3.11/site-packages/aiormq/connection.py", line 754, in connect
lingua_evaluation      |     await connection.connect(client_properties or {})
lingua_evaluation      |   File "/usr/local/lib/python3.11/site-packages/aiormq/base.py", line 166, in wrap
lingua_evaluation      |     return await self.create_task(func(self, *args, **kwargs))
lingua_evaluation      |            ^^^^^^^^^^^^^^^^^^^^^^^^^^^^^^^^^^^^^^^^^^^^^^^^^^^
lingua_evaluation      |   File "/usr/local/lib/python3.11/site-packages/aiormq/abc.py", line 40, in __inner
lingua_evaluation      |     return await self.task
lingua_evaluation      |            ^^^^^^^^^^^^^^^
lingua_evaluation      |   File "/usr/local/lib/python3.11/site-packages/aiormq/connection.py", line 410, in connect
lingua_evaluation      |     raise ConnectionError(*e.args) from e
lingua_evaluation      | ConnectionError: [Errno 111] Connect call failed ('172.29.0.2', 5672)
lingua_voice_ai        |     return future.result()
lingua_voice_ai        |            ^^^^^^^^^^^^^^^
lingua_voice_ai        |   File "/app/app/services/voice_analysis_ai.py", line 68, in consume
lingua_voice_ai        |     connection = await aio_pika.connect_robust(f"amqp://{RABBITMQ_USER}:{RABBITMQ_PASS}@{RABBITMQ_HOST}/")
lingua_voice_ai        |                  ^^^^^^^^^^^^^^^^^^^^^^^^^^^^^^^^^^^^^^^^^^^^^^^^^^^^^^^^^^^^^^^^^^^^^^^^^^^^^^^^^^^^^^^^^
lingua_voice_ai        |   File "/usr/local/lib/python3.11/site-packages/aio_pika/robust_connection.py", line 282, in connect_robust
lingua_voice_ai        |     await connection.connect(timeout=timeout)
lingua_voice_ai        |   File "/usr/local/lib/python3.11/site-packages/aio_pika/robust_connection.py", line 117, in connect
lingua_voice_ai        |     connection = await self.__connection_attempt(timeout)
lingua_voice_ai        |                  ^^^^^^^^^^^^^^^^^^^^^^^^^^^^^^^^^^^^^^^^
lingua_voice_ai        |   File "/usr/local/lib/python3.11/site-packages/aio_pika/robust_connection.py", line 73, in __connection_attempt
lingua_voice_ai        |     connection = await UnderlayConnection.make_connection(
lingua_voice_ai        |                  ^^^^^^^^^^^^^^^^^^^^^^^^^^^^^^^^^^^^^^^^^
lingua_voice_ai        |   File "/usr/local/lib/python3.11/site-packages/aio_pika/abc.py", line 602, in make_connection
lingua_voice_ai        |     connection: aiormq.abc.AbstractConnection = await asyncio.wait_for(
lingua_voice_ai        |                                                 ^^^^^^^^^^^^^^^^^^^^^^^
lingua_voice_ai        |   File "/usr/local/lib/python3.11/asyncio/tasks.py", line 452, in wait_for
lingua_voice_ai        |     return await fut
lingua_voice_ai        |            ^^^^^^^^^
lingua_voice_ai        |   File "/usr/local/lib/python3.11/site-packages/aiormq/connection.py", line 754, in connect
lingua_voice_ai        |     await connection.connect(client_properties or {})
lingua_voice_ai        |   File "/usr/local/lib/python3.11/site-packages/aiormq/base.py", line 166, in wrap
lingua_voice_ai        |     return await self.create_task(func(self, *args, **kwargs))
lingua_voice_ai        |            ^^^^^^^^^^^^^^^^^^^^^^^^^^^^^^^^^^^^^^^^^^^^^^^^^^^
lingua_voice_ai        |   File "/usr/local/lib/python3.11/site-packages/aiormq/abc.py", line 40, in __inner
lingua_voice_ai        |     return await self.task
lingua_voice_ai        |            ^^^^^^^^^^^^^^^
lingua_voice_ai        |   File "/usr/local/lib/python3.11/site-packages/aiormq/connection.py", line 410, in connect
lingua_voice_ai        |     raise ConnectionError(*e.args) from e
lingua_voice_ai        | ConnectionError: [Errno 111] Connect call failed ('172.29.0.2', 5672)
lingua_mentor_rabbitmq  | 2025-10-29 15:35:00.577028+00:00 [notice] <0.44.0> Application syslog exited with reason: stopped
lingua_mentor_rabbitmq  | 2025-10-29 15:35:00.639817+00:00 [notice] <0.230.0> Logging: switching to configured handler(s); following messages may not be visible in this log output
lingua_mentor_rabbitmq  | [38;5;87m2025-10-29 15:35:00.642549+00:00 [notice] <0.230.0> Logging: configured log handlers are now ACTIVE[0m
lingua_mentor_rabbitmq  | 2025-10-29 15:35:02.717691+00:00 [info] <0.230.0> ra: starting system quorum_queues[0m
lingua_mentor_rabbitmq  | 2025-10-29 15:35:02.717889+00:00 [info] <0.230.0> starting Ra system: quorum_queues in directory: /var/lib/rabbitmq/mnesia/rabbit@bacc57cb299f/quorum/rabbit@bacc57cb299f[0m
lingua_mentor_rabbitmq  | 2025-10-29 15:35:03.330605+00:00 [info] <0.261.0> ra system 'quorum_queues' running pre init for 0 registered servers[0m
lingua_mentor_rabbitmq  | 2025-10-29 15:35:03.451099+00:00 [info] <0.262.0> ra: meta data store initialised for system quorum_queues. 0 record(s) recovered[0m
lingua_mentor_rabbitmq  | [38;5;87m2025-10-29 15:35:03.617417+00:00 [notice] <0.267.0> WAL: ra_log_wal init, open tbls: ra_log_open_mem_tables, closed tbls: ra_log_closed_mem_tables[0m
lingua_mentor_rabbitmq  | 2025-10-29 15:35:03.706355+00:00 [info] <0.230.0> ra: starting system coordination[0m
lingua_mentor_rabbitmq  | 2025-10-29 15:35:03.706455+00:00 [info] <0.230.0> starting Ra system: coordination in directory: /var/lib/rabbitmq/mnesia/rabbit@bacc57cb299f/coordination/rabbit@bacc57cb299f[0m
lingua_mentor_rabbitmq  | 2025-10-29 15:35:03.730708+00:00 [info] <0.274.0> ra system 'coordination' running pre init for 0 registered servers[0m
lingua_mentor_rabbitmq  | 2025-10-29 15:35:03.747261+00:00 [info] <0.275.0> ra: meta data store initialised for system coordination. 0 record(s) recovered[0m
lingua_mentor_rabbitmq  | [38;5;87m2025-10-29 15:35:03.750804+00:00 [notice] <0.280.0> WAL: ra_coordination_log_wal init, open tbls: ra_coordination_log_open_mem_tables, closed tbls: ra_coordination_log_closed_mem_tables[0m
lingua_mentor_rabbitmq  | 2025-10-29 15:35:03.800110+00:00 [info] <0.230.0> [0m
lingua_mentor_rabbitmq  | 2025-10-29 15:35:03.800110+00:00 [info] <0.230.0>  Starting RabbitMQ 3.12.14 on Erlang 25.3.2.15 [jit][0m
lingua_mentor_rabbitmq  | 2025-10-29 15:35:03.800110+00:00 [info] <0.230.0>  Copyright (c) 2007-2024 Broadcom Inc and/or its subsidiaries[0m
lingua_mentor_rabbitmq  | 2025-10-29 15:35:03.800110+00:00 [info] <0.230.0>  Licensed under the MPL 2.0. Website: https://rabbitmq.com[0m
lingua_mentor_rabbitmq  | [38;5;160m2025-10-29 15:35:03.800297+00:00 [error] <0.230.0> This release series has reached end of life and is no longer supported. Please visit https://rabbitmq.com/versions.html to learn more and upgrade[0m
lingua_mentor_rabbitmq  | 
lingua_mentor_rabbitmq  |   ##  ##      RabbitMQ 3.12.14
lingua_mentor_rabbitmq  |   ##  ##
lingua_mentor_rabbitmq  |   ##########  Copyright (c) 2007-2024 Broadcom Inc and/or its subsidiaries
lingua_mentor_rabbitmq  |   ######  ##
lingua_mentor_rabbitmq  |   ##########  Licensed under the MPL 2.0. Website: https://rabbitmq.com
lingua_mentor_rabbitmq  | 
lingua_mentor_rabbitmq  |   Erlang:      25.3.2.15 [jit]
lingua_mentor_rabbitmq  |   TLS Library: OpenSSL - OpenSSL 3.1.7 3 Sep 2024
lingua_mentor_rabbitmq  |   Release series support status: out of support
lingua_mentor_rabbitmq  | 
lingua_mentor_rabbitmq  |   Doc guides:  https://rabbitmq.com/documentation.html
lingua_mentor_rabbitmq  |   Support:     https://rabbitmq.com/contact.html
lingua_mentor_rabbitmq  |   Tutorials:   https://rabbitmq.com/getstarted.html
lingua_mentor_rabbitmq  |   Monitoring:  https://rabbitmq.com/monitoring.html
lingua_mentor_rabbitmq  | 
lingua_mentor_rabbitmq  |   Logs: <stdout>
lingua_mentor_rabbitmq  | 
lingua_mentor_rabbitmq  |   Config file(s): /etc/rabbitmq/conf.d/10-defaults.conf
lingua_mentor_rabbitmq  | 
lingua_mentor_rabbitmq  |   Starting broker...2025-10-29 15:35:03.927521+00:00 [info] <0.230.0> [0m
lingua_mentor_rabbitmq  | 2025-10-29 15:35:03.927521+00:00 [info] <0.230.0>  node           : rabbit@bacc57cb299f[0m
lingua_mentor_rabbitmq  | 2025-10-29 15:35:03.927521+00:00 [info] <0.230.0>  home dir       : /var/lib/rabbitmq[0m
lingua_mentor_rabbitmq  | 2025-10-29 15:35:03.927521+00:00 [info] <0.230.0>  config file(s) : /etc/rabbitmq/conf.d/10-defaults.conf[0m
lingua_mentor_rabbitmq  | 2025-10-29 15:35:03.927521+00:00 [info] <0.230.0>  cookie hash    : e13xQk3Rd6oHtGS51j52Mg==[0m
lingua_mentor_rabbitmq  | 2025-10-29 15:35:03.927521+00:00 [info] <0.230.0>  log(s)         : <stdout>[0m
lingua_mentor_rabbitmq  | 2025-10-29 15:35:03.927521+00:00 [info] <0.230.0>  data dir       : /var/lib/rabbitmq/mnesia/rabbit@bacc57cb299f[0m
lingua_mentor_rabbitmq  | 2025-10-29 15:35:31.749043+00:00 [info] <0.230.0> Running boot step pre_boot defined by app rabbit[0m
lingua_mentor_rabbitmq  | 2025-10-29 15:35:31.749152+00:00 [info] <0.230.0> Running boot step rabbit_global_counters defined by app rabbit[0m
lingua_mentor_rabbitmq  | 2025-10-29 15:35:31.749516+00:00 [info] <0.230.0> Running boot step rabbit_osiris_metrics defined by app rabbit[0m
lingua_mentor_rabbitmq  | 2025-10-29 15:35:31.749947+00:00 [info] <0.230.0> Running boot step rabbit_core_metrics defined by app rabbit[0m
lingua_mentor_rabbitmq  | 2025-10-29 15:35:31.750789+00:00 [info] <0.230.0> Running boot step rabbit_alarm defined by app rabbit[0m
lingua_mentor_rabbitmq  | 2025-10-29 15:35:31.796216+00:00 [info] <0.299.0> Memory high watermark set to 2351 MiB (2465216921 bytes) of 5877 MiB (6163042304 bytes) total[0m
lingua_mentor_rabbitmq  | 2025-10-29 15:35:31.820204+00:00 [info] <0.301.0> Enabling free disk space monitoring (disk free space: 110830817280, total memory: 6163042304)[0m
lingua_mentor_rabbitmq  | 2025-10-29 15:35:31.820312+00:00 [info] <0.301.0> Disk free limit set to 50MB[0m
lingua_mentor_rabbitmq  | 2025-10-29 15:35:31.835009+00:00 [info] <0.230.0> Running boot step code_server_cache defined by app rabbit[0m
lingua_mentor_rabbitmq  | 2025-10-29 15:35:31.835182+00:00 [info] <0.230.0> Running boot step file_handle_cache defined by app rabbit[0m
lingua_mentor_rabbitmq  | 2025-10-29 15:35:31.835479+00:00 [info] <0.304.0> Limiting to approx 1048479 file handles (943629 sockets)[0m
lingua_mentor_rabbitmq  | 2025-10-29 15:35:31.835702+00:00 [info] <0.305.0> FHC read buffering: OFF[0m
lingua_mentor_rabbitmq  | 2025-10-29 15:35:31.835761+00:00 [info] <0.305.0> FHC write buffering: ON[0m
lingua_mentor_rabbitmq  | 2025-10-29 15:35:31.840067+00:00 [info] <0.230.0> Running boot step worker_pool defined by app rabbit[0m
lingua_mentor_rabbitmq  | 2025-10-29 15:35:31.840814+00:00 [info] <0.282.0> Will use 5 processes for default worker pool[0m
lingua_mentor_rabbitmq  | 2025-10-29 15:35:31.840925+00:00 [info] <0.282.0> Starting worker pool 'worker_pool' with 5 processes in it[0m
lingua_mentor_rabbitmq  | 2025-10-29 15:35:31.841315+00:00 [info] <0.230.0> Running boot step database defined by app rabbit[0m
lingua_mentor_rabbitmq  | 2025-10-29 15:35:31.847429+00:00 [info] <0.230.0> Node database directory at /var/lib/rabbitmq/mnesia/rabbit@bacc57cb299f is empty. Assuming we need to join an existing cluster or initialise from scratch...[0m
lingua_mentor_rabbitmq  | 2025-10-29 15:35:31.848132+00:00 [info] <0.230.0> Configured peer discovery backend: rabbit_peer_discovery_classic_config[0m
lingua_mentor_rabbitmq  | 2025-10-29 15:35:31.848258+00:00 [info] <0.230.0> Will try to lock with peer discovery backend rabbit_peer_discovery_classic_config[0m
lingua_mentor_rabbitmq  | 2025-10-29 15:35:31.848458+00:00 [info] <0.230.0> All discovered existing cluster peers:[0m
lingua_mentor_rabbitmq  | 2025-10-29 15:35:31.848491+00:00 [info] <0.230.0> Discovered no peer nodes to cluster with. Some discovery backends can filter nodes out based on a readiness criteria. Enabling debug logging might help troubleshoot.[0m
lingua_mentor_rabbitmq  | [38;5;87m2025-10-29 15:35:31.853083+00:00 [notice] <0.44.0> Application mnesia exited with reason: stopped[0m
lingua_mentor_rabbitmq  | 2025-10-29 15:35:32.635376+00:00 [info] <0.230.0> Waiting for Mnesia tables for 30000 ms, 9 retries left[0m
lingua_mentor_rabbitmq  | 2025-10-29 15:35:32.636322+00:00 [info] <0.230.0> Successfully synced tables from a peer[0m
lingua_mentor_rabbitmq  | [38;5;87m2025-10-29 15:35:32.639029+00:00 [notice] <0.283.0> Feature flags: attempt to enable `stream_sac_coordinator_unblock_group`...[0m
lingua_mentor_rabbitmq  | [38;5;87m2025-10-29 15:35:32.704684+00:00 [notice] <0.283.0> Feature flags: `stream_sac_coordinator_unblock_group` enabled[0m
lingua_mentor_rabbitmq  | [38;5;87m2025-10-29 15:35:32.705100+00:00 [notice] <0.283.0> Feature flags: attempt to enable `restart_streams`...[0m
lingua_mentor_rabbitmq  | [38;5;87m2025-10-29 15:35:32.770484+00:00 [notice] <0.283.0> Feature flags: `restart_streams` enabled[0m
lingua_mentor_rabbitmq  | 2025-10-29 15:35:32.771188+00:00 [info] <0.230.0> Waiting for Mnesia tables for 30000 ms, 9 retries left[0m
lingua_mentor_rabbitmq  | 2025-10-29 15:35:32.772162+00:00 [info] <0.230.0> Successfully synced tables from a peer[0m
lingua_mentor_rabbitmq  | 2025-10-29 15:35:32.820831+00:00 [info] <0.230.0> Waiting for Mnesia tables for 30000 ms, 9 retries left[0m
lingua_mentor_rabbitmq  | 2025-10-29 15:35:32.821176+00:00 [info] <0.230.0> Successfully synced tables from a peer[0m
lingua_mentor_rabbitmq  | 2025-10-29 15:35:32.821228+00:00 [info] <0.230.0> Peer discovery backend rabbit_peer_discovery_classic_config does not support registration, skipping registration.[0m
lingua_mentor_rabbitmq  | 2025-10-29 15:35:32.821272+00:00 [info] <0.230.0> Will try to unlock with peer discovery backend rabbit_peer_discovery_classic_config[0m
lingua_mentor_rabbitmq  | 2025-10-29 15:35:32.821723+00:00 [info] <0.230.0> Running boot step tracking_metadata_store defined by app rabbit[0m
lingua_mentor_rabbitmq  | 2025-10-29 15:35:32.821870+00:00 [info] <0.483.0> Setting up a table for connection tracking on this node: tracked_connection[0m
lingua_mentor_rabbitmq  | 2025-10-29 15:35:32.821984+00:00 [info] <0.483.0> Setting up a table for per-vhost connection counting on this node: tracked_connection_per_vhost[0m
lingua_mentor_rabbitmq  | 2025-10-29 15:35:32.822148+00:00 [info] <0.483.0> Setting up a table for per-user connection counting on this node: tracked_connection_per_user[0m
lingua_mentor_rabbitmq  | 2025-10-29 15:35:32.822185+00:00 [info] <0.483.0> Setting up a table for channel tracking on this node: tracked_channel[0m
lingua_mentor_rabbitmq  | 2025-10-29 15:35:32.822415+00:00 [info] <0.483.0> Setting up a table for channel tracking on this node: tracked_channel_per_user[0m
lingua_mentor_rabbitmq  | 2025-10-29 15:35:32.822475+00:00 [info] <0.230.0> Running boot step networking_metadata_store defined by app rabbit[0m
lingua_mentor_rabbitmq  | 2025-10-29 15:35:32.825650+00:00 [info] <0.230.0> Running boot step feature_flags defined by app rabbit[0m
lingua_mentor_rabbitmq  | 2025-10-29 15:35:32.830970+00:00 [info] <0.230.0> Running boot step codec_correctness_check defined by app rabbit[0m
lingua_mentor_rabbitmq  | 2025-10-29 15:35:32.831134+00:00 [info] <0.230.0> Running boot step external_infrastructure defined by app rabbit[0m
lingua_mentor_rabbitmq  | 2025-10-29 15:35:32.831669+00:00 [info] <0.230.0> Running boot step rabbit_event defined by app rabbit[0m
lingua_mentor_rabbitmq  | 2025-10-29 15:35:32.831915+00:00 [info] <0.230.0> Running boot step rabbit_registry defined by app rabbit[0m
lingua_mentor_rabbitmq  | 2025-10-29 15:35:32.832013+00:00 [info] <0.230.0> Running boot step rabbit_auth_mechanism_amqplain defined by app rabbit[0m
lingua_mentor_rabbitmq  | 2025-10-29 15:35:32.832100+00:00 [info] <0.230.0> Running boot step rabbit_auth_mechanism_cr_demo defined by app rabbit[0m
lingua_mentor_rabbitmq  | 2025-10-29 15:35:32.832156+00:00 [info] <0.230.0> Running boot step rabbit_auth_mechanism_plain defined by app rabbit[0m
lingua_mentor_rabbitmq  | 2025-10-29 15:35:32.832203+00:00 [info] <0.230.0> Running boot step rabbit_exchange_type_direct defined by app rabbit[0m
lingua_mentor_rabbitmq  | 2025-10-29 15:35:32.832264+00:00 [info] <0.230.0> Running boot step rabbit_exchange_type_fanout defined by app rabbit[0m
lingua_mentor_rabbitmq  | 2025-10-29 15:35:32.832352+00:00 [info] <0.230.0> Running boot step rabbit_exchange_type_headers defined by app rabbit[0m
lingua_mentor_rabbitmq  | 2025-10-29 15:35:32.832419+00:00 [info] <0.230.0> Running boot step rabbit_exchange_type_topic defined by app rabbit[0m
lingua_mentor_rabbitmq  | 2025-10-29 15:35:32.835014+00:00 [info] <0.230.0> Running boot step rabbit_mirror_queue_mode_all defined by app rabbit[0m
lingua_mentor_rabbitmq  | 2025-10-29 15:35:32.835171+00:00 [info] <0.230.0> Running boot step rabbit_mirror_queue_mode_exactly defined by app rabbit[0m
lingua_mentor_rabbitmq  | 2025-10-29 15:35:32.835227+00:00 [info] <0.230.0> Running boot step rabbit_mirror_queue_mode_nodes defined by app rabbit[0m
lingua_mentor_rabbitmq  | 2025-10-29 15:35:32.835726+00:00 [info] <0.230.0> Running boot step rabbit_priority_queue defined by app rabbit[0m
lingua_mentor_rabbitmq  | 2025-10-29 15:35:32.835803+00:00 [info] <0.230.0> Priority queues enabled, real BQ is rabbit_variable_queue[0m
lingua_mentor_rabbitmq  | 2025-10-29 15:35:32.836911+00:00 [info] <0.230.0> Running boot step rabbit_queue_location_client_local defined by app rabbit[0m
lingua_mentor_rabbitmq  | 2025-10-29 15:35:32.837779+00:00 [info] <0.230.0> Running boot step rabbit_queue_location_min_masters defined by app rabbit[0m
lingua_mentor_rabbitmq  | 2025-10-29 15:35:32.837868+00:00 [info] <0.230.0> Running boot step rabbit_queue_location_random defined by app rabbit[0m
lingua_mentor_rabbitmq  | 2025-10-29 15:35:32.837979+00:00 [info] <0.230.0> Running boot step kernel_ready defined by app rabbit[0m
lingua_mentor_rabbitmq  | 2025-10-29 15:35:32.838144+00:00 [info] <0.230.0> Running boot step rabbit_sysmon_minder defined by app rabbit[0m
lingua_mentor_rabbitmq  | 2025-10-29 15:35:32.838661+00:00 [info] <0.230.0> Running boot step rabbit_epmd_monitor defined by app rabbit[0m
lingua_mentor_rabbitmq  | 2025-10-29 15:35:32.853957+00:00 [info] <0.491.0> epmd monitor knows us, inter-node communication (distribution) port: 25672[0m
lingua_mentor_rabbitmq  | 2025-10-29 15:35:32.854170+00:00 [info] <0.230.0> Running boot step guid_generator defined by app rabbit[0m
lingua_mentor_rabbitmq  | 2025-10-29 15:35:32.865050+00:00 [info] <0.230.0> Running boot step rabbit_node_monitor defined by app rabbit[0m
lingua_mentor_rabbitmq  | 2025-10-29 15:35:32.865584+00:00 [info] <0.495.0> Starting rabbit_node_monitor (in ignore mode)[0m
lingua_mentor_rabbitmq  | 2025-10-29 15:35:32.865728+00:00 [info] <0.230.0> Running boot step delegate_sup defined by app rabbit[0m
lingua_mentor_rabbitmq  | 2025-10-29 15:35:32.867066+00:00 [info] <0.230.0> Running boot step rabbit_memory_monitor defined by app rabbit[0m
lingua_mentor_rabbitmq  | 2025-10-29 15:35:32.867412+00:00 [info] <0.230.0> Running boot step rabbit_fifo_dlx_sup defined by app rabbit[0m
lingua_mentor_rabbitmq  | 2025-10-29 15:35:32.867985+00:00 [info] <0.230.0> Running boot step core_initialized defined by app rabbit[0m
lingua_mentor_rabbitmq  | 2025-10-29 15:35:32.868031+00:00 [info] <0.230.0> Running boot step rabbit_channel_tracking_handler defined by app rabbit[0m
lingua_mentor_rabbitmq  | 2025-10-29 15:35:32.868087+00:00 [info] <0.230.0> Running boot step rabbit_connection_tracking_handler defined by app rabbit[0m
lingua_mentor_rabbitmq  | 2025-10-29 15:35:32.868117+00:00 [info] <0.230.0> Running boot step rabbit_definitions_hashing defined by app rabbit[0m
lingua_mentor_rabbitmq  | 2025-10-29 15:35:32.871241+00:00 [info] <0.230.0> Running boot step rabbit_exchange_parameters defined by app rabbit[0m
lingua_mentor_rabbitmq  | 2025-10-29 15:35:32.873038+00:00 [info] <0.230.0> Running boot step rabbit_mirror_queue_misc defined by app rabbit[0m
lingua_mentor_rabbitmq  | 2025-10-29 15:35:32.873381+00:00 [info] <0.230.0> Running boot step rabbit_policies defined by app rabbit[0m
lingua_mentor_rabbitmq  | 2025-10-29 15:35:32.873969+00:00 [info] <0.230.0> Running boot step rabbit_policy defined by app rabbit[0m
lingua_mentor_rabbitmq  | 2025-10-29 15:35:32.874061+00:00 [info] <0.230.0> Running boot step rabbit_queue_location_validator defined by app rabbit[0m
lingua_mentor_rabbitmq  | 2025-10-29 15:35:32.874094+00:00 [info] <0.230.0> Running boot step rabbit_quorum_memory_manager defined by app rabbit[0m
lingua_mentor_rabbitmq  | 2025-10-29 15:35:32.874257+00:00 [info] <0.230.0> Running boot step rabbit_stream_coordinator defined by app rabbit[0m
lingua_mentor_rabbitmq  | 2025-10-29 15:35:32.875352+00:00 [info] <0.230.0> Running boot step rabbit_vhost_limit defined by app rabbit[0m
lingua_mentor_rabbitmq  | 2025-10-29 15:35:32.875804+00:00 [info] <0.230.0> Running boot step rabbit_mgmt_reset_handler defined by app rabbitmq_management[0m
lingua_mentor_rabbitmq  | 2025-10-29 15:35:32.877893+00:00 [info] <0.230.0> Running boot step rabbit_mgmt_db_handler defined by app rabbitmq_management_agent[0m
lingua_mentor_rabbitmq  | 2025-10-29 15:35:32.880812+00:00 [info] <0.230.0> Management plugin: using rates mode 'basic'[0m
lingua_mentor_rabbitmq  | 2025-10-29 15:35:32.881164+00:00 [info] <0.230.0> Running boot step recovery defined by app rabbit[0m
lingua_mentor_rabbitmq  | 2025-10-29 15:35:32.882465+00:00 [info] <0.230.0> Running boot step empty_db_check defined by app rabbit[0m
lingua_mentor_rabbitmq  | 2025-10-29 15:35:32.882746+00:00 [info] <0.230.0> Will seed default virtual host and user...[0m
lingua_mentor_rabbitmq  | 2025-10-29 15:35:32.882860+00:00 [info] <0.230.0> Adding vhost '/' (description: 'Default virtual host', tags: [])[0m
lingua_mentor_rabbitmq  | 2025-10-29 15:35:32.898116+00:00 [info] <0.230.0> Inserted a virtual host record {vhost,<<"/">>,[],[0m
lingua_mentor_rabbitmq  | 2025-10-29 15:35:32.898116+00:00 [info] <0.230.0>                                       #{description =>[0m
lingua_mentor_rabbitmq  | 2025-10-29 15:35:32.898116+00:00 [info] <0.230.0>                                             <<"Default virtual host">>,[0m
lingua_mentor_rabbitmq  | 2025-10-29 15:35:32.898116+00:00 [info] <0.230.0>                                         tags => []}}[0m
lingua_mentor_rabbitmq  | 2025-10-29 15:35:32.962795+00:00 [info] <0.540.0> Making sure data directory '/var/lib/rabbitmq/mnesia/rabbit@bacc57cb299f/msg_stores/vhosts/628WB79CIFDYO9LJI6DKMI09L' for vhost '/' exists[0m
lingua_mentor_rabbitmq  | 2025-10-29 15:35:32.969316+00:00 [info] <0.540.0> Setting segment_entry_count for vhost '/' with 0 queues to '2048'[0m
lingua_mentor_rabbitmq  | 2025-10-29 15:35:33.004327+00:00 [info] <0.540.0> Starting message stores for vhost '/'[0m
lingua_mentor_rabbitmq  | 2025-10-29 15:35:33.004876+00:00 [info] <0.550.0> Message store "628WB79CIFDYO9LJI6DKMI09L/msg_store_transient": using rabbit_msg_store_ets_index to provide index[0m
lingua_mentor_rabbitmq  | 2025-10-29 15:35:33.020205+00:00 [info] <0.540.0> Started message store of type transient for vhost '/'[0m
lingua_mentor_rabbitmq  | 2025-10-29 15:35:33.020866+00:00 [info] <0.554.0> Message store "628WB79CIFDYO9LJI6DKMI09L/msg_store_persistent": using rabbit_msg_store_ets_index to provide index[0m
lingua_mentor_rabbitmq  | [38;5;214m2025-10-29 15:35:33.035676+00:00 [warning] <0.554.0> Message store "628WB79CIFDYO9LJI6DKMI09L/msg_store_persistent": rebuilding indices from scratch[0m
lingua_mentor_rabbitmq  | 2025-10-29 15:35:33.039019+00:00 [info] <0.540.0> Started message store of type persistent for vhost '/'[0m
lingua_mentor_rabbitmq  | 2025-10-29 15:35:33.039351+00:00 [info] <0.540.0> Recovering 0 queues of type rabbit_classic_queue took 54ms[0m
lingua_mentor_rabbitmq  | 2025-10-29 15:35:33.039438+00:00 [info] <0.540.0> Recovering 0 queues of type rabbit_quorum_queue took 0ms[0m
lingua_mentor_rabbitmq  | 2025-10-29 15:35:33.040049+00:00 [info] <0.540.0> Recovering 0 queues of type rabbit_stream_queue took 0ms[0m
lingua_mentor_rabbitmq  | 2025-10-29 15:35:33.055714+00:00 [info] <0.230.0> Created user 'guest'[0m
lingua_mentor_rabbitmq  | 2025-10-29 15:35:33.071415+00:00 [info] <0.230.0> Successfully set user tags for user 'guest' to [administrator][0m
lingua_mentor_rabbitmq  | 2025-10-29 15:35:33.081008+00:00 [info] <0.230.0> Successfully set permissions for user 'guest' in virtual host '/' to '.*', '.*', '.*'[0m
lingua_mentor_rabbitmq  | 2025-10-29 15:35:33.081194+00:00 [info] <0.230.0> Running boot step rabbit_observer_cli defined by app rabbit[0m
lingua_mentor_rabbitmq  | 2025-10-29 15:35:33.081497+00:00 [info] <0.230.0> Running boot step rabbit_looking_glass defined by app rabbit[0m
lingua_mentor_rabbitmq  | 2025-10-29 15:35:33.081607+00:00 [info] <0.230.0> Running boot step rabbit_core_metrics_gc defined by app rabbit[0m
lingua_mentor_rabbitmq  | 2025-10-29 15:35:33.082361+00:00 [info] <0.230.0> Running boot step background_gc defined by app rabbit[0m
lingua_mentor_rabbitmq  | 2025-10-29 15:35:33.082838+00:00 [info] <0.230.0> Running boot step routing_ready defined by app rabbit[0m
lingua_mentor_rabbitmq  | 2025-10-29 15:35:33.082934+00:00 [info] <0.230.0> Running boot step pre_flight defined by app rabbit[0m
lingua_mentor_rabbitmq  | 2025-10-29 15:35:33.083378+00:00 [info] <0.230.0> Running boot step notify_cluster defined by app rabbit[0m
lingua_mentor_rabbitmq  | 2025-10-29 15:35:33.084225+00:00 [info] <0.230.0> Running boot step networking defined by app rabbit[0m
lingua_mentor_rabbitmq  | 2025-10-29 15:35:33.084734+00:00 [info] <0.230.0> Running boot step definition_import_worker_pool defined by app rabbit[0m
lingua_mentor_rabbitmq  | 2025-10-29 15:35:33.085831+00:00 [info] <0.282.0> Starting worker pool 'definition_import_pool' with 5 processes in it[0m
lingua_mentor_rabbitmq  | 2025-10-29 15:35:33.086659+00:00 [info] <0.230.0> Running boot step cluster_name defined by app rabbit[0m
lingua_mentor_rabbitmq  | 2025-10-29 15:35:33.086871+00:00 [info] <0.230.0> Initialising internal cluster ID to 'rabbitmq-cluster-id-er3plVYCHaGoxhTRc-UeEg'[0m
lingua_mentor_rabbitmq  | 2025-10-29 15:35:33.096247+00:00 [info] <0.230.0> Running boot step direct_client defined by app rabbit[0m
lingua_mentor_rabbitmq  | 2025-10-29 15:35:33.096570+00:00 [info] <0.230.0> Running boot step rabbit_maintenance_mode_state defined by app rabbit[0m
lingua_mentor_rabbitmq  | 2025-10-29 15:35:33.096629+00:00 [info] <0.230.0> Creating table rabbit_node_maintenance_states for maintenance mode status[0m
lingua_mentor_rabbitmq  | 2025-10-29 15:35:33.125949+00:00 [info] <0.230.0> Running boot step rabbit_management_load_definitions defined by app rabbitmq_management[0m
lingua_mentor_rabbitmq  | 2025-10-29 15:35:33.129128+00:00 [info] <0.595.0> Resetting node maintenance status[0m
lingua_mentor_rabbitmq  | 2025-10-29 15:35:33.185481+00:00 [info] <0.654.0> Management plugin: HTTP (non-TLS) listener started on port 15672[0m
lingua_mentor_rabbitmq  | 2025-10-29 15:35:33.186573+00:00 [info] <0.682.0> Statistics database started.[0m
lingua_mentor_rabbitmq  | 2025-10-29 15:35:33.187036+00:00 [info] <0.681.0> Starting worker pool 'management_worker_pool' with 3 processes in it[0m
lingua_mentor_rabbitmq  | 2025-10-29 15:35:33.219801+00:00 [info] <0.696.0> Prometheus metrics: HTTP (non-TLS) listener started on port 15692[0m
lingua_mentor_rabbitmq  | 2025-10-29 15:35:33.220497+00:00 [info] <0.595.0> Ready to start client connection listeners[0m
lingua_mentor_rabbitmq  | 2025-10-29 15:35:33.237152+00:00 [info] <0.740.0> started TCP listener on [::]:5672[0m
lingua_mentor_rabbitmq  | 2025-10-29 15:35:34.411843+00:00 [info] <0.595.0> Server startup complete; 4 plugins started.[0m
lingua_mentor_rabbitmq  | 2025-10-29 15:35:34.411843+00:00 [info] <0.595.0>  * rabbitmq_prometheus[0m
lingua_mentor_rabbitmq  | 2025-10-29 15:35:34.411843+00:00 [info] <0.595.0>  * rabbitmq_management[0m
lingua_mentor_rabbitmq  | 2025-10-29 15:35:34.411843+00:00 [info] <0.595.0>  * rabbitmq_management_agent[0m
lingua_mentor_rabbitmq  | 2025-10-29 15:35:34.411843+00:00 [info] <0.595.0>  * rabbitmq_web_dispatch[0m
lingua_mentor_rabbitmq  |  completed with 4 plugins.
lingua_mentor_rabbitmq  | 2025-10-29 15:35:34.539674+00:00 [info] <0.9.0> Time to start RabbitMQ: 63622145 us[0m
